# JRE version: OpenJDK Runtime Environment (11.0.13) (build 11.0.13+0-b1751.21-8125866)
# Java VM: OpenJDK 64-Bit Server VM (11.0.13+0-b1751.21-8125866, mixed mode, tiered, compressed oops, g1 gc, windows-amd64)
Heap:
 garbage-first heap   total 236544K, used 189788K [0x0000000080000000, 0x0000000100000000)
  region size 1024K, 13 young (13312K), 2 survivors (2048K)
 Metaspace       used 118233K, capacity 121613K, committed 121716K, reserved 1155072K
  class space    used 14655K, capacity 15853K, committed 15872K, reserved 1048576K
GC Heap History (20 events):
Event: 113.319 GC heap before
{Heap before GC invocations=70 (full 0):
 garbage-first heap   total 236544K, used 194148K [0x0000000080000000, 0x0000000100000000)
  region size 1024K, 19 young (19456K), 3 survivors (3072K)
 Metaspace       used 117216K, capacity 120601K, committed 120948K, reserved 1155072K
  class space    used 14567K, capacity 15753K, committed 15872K, reserved 1048576K
}
Event: 113.326 GC heap after
{Heap after GC invocations=71 (full 0):
 garbage-first heap   total 236544K, used 178149K [0x0000000080000000, 0x0000000100000000)
  region size 1024K, 1 young (1024K), 1 survivors (1024K)
 Metaspace       used 117216K, capacity 120601K, committed 120948K, reserved 1155072K
  class space    used 14567K, capacity 15753K, committed 15872K, reserved 1048576K
}
Event: 115.183 GC heap before
{Heap before GC invocations=71 (full 0):
 garbage-first heap   total 236544K, used 195557K [0x0000000080000000, 0x0000000100000000)
  region size 1024K, 18 young (18432K), 1 survivors (1024K)
 Metaspace       used 117347K, capacity 120668K, committed 120948K, reserved 1155072K
  class space    used 14576K, capacity 15754K, committed 15872K, reserved 1048576K
}
Event: 115.186 GC heap after
{Heap after GC invocations=72 (full 0):
 garbage-first heap   total 236544K, used 178636K [0x0000000080000000, 0x0000000100000000)
  region size 1024K, 2 young (2048K), 2 survivors (2048K)
 Metaspace       used 117347K, capacity 120668K, committed 120948K, reserved 1155072K
  class space    used 14576K, capacity 15754K, committed 15872K, reserved 1048576K
}
Event: 118.015 GC heap before
{Heap before GC invocations=72 (full 0):
 garbage-first heap   total 236544K, used 198092K [0x0000000080000000, 0x0000000100000000)
  region size 1024K, 20 young (20480K), 2 survivors (2048K)
 Metaspace       used 117475K, capacity 120860K, committed 121204K, reserved 1155072K
  class space    used 14577K, capacity 15754K, committed 15872K, reserved 1048576K
}
Event: 118.019 GC heap after
{Heap after GC invocations=73 (full 0):
 garbage-first heap   total 236544K, used 180882K [0x0000000080000000, 0x0000000100000000)
  region size 1024K, 2 young (2048K), 2 survivors (2048K)
 Metaspace       used 117475K, capacity 120860K, committed 121204K, reserved 1155072K
  class space    used 14577K, capacity 15754K, committed 15872K, reserved 1048576K
}
Event: 118.421 GC heap before
{Heap before GC invocations=73 (full 0):
 garbage-first heap   total 236544K, used 198290K [0x0000000080000000, 0x0000000100000000)
  region size 1024K, 20 young (20480K), 2 survivors (2048K)
 Metaspace       used 117485K, capacity 120861K, committed 121204K, reserved 1155072K
  class space    used 14577K, capacity 15754K, committed 15872K, reserved 1048576K
}
Event: 118.423 GC heap after
{Heap after GC invocations=74 (full 0):
 garbage-first heap   total 236544K, used 180368K [0x0000000080000000, 0x0000000100000000)
  region size 1024K, 1 young (1024K), 1 survivors (1024K)
 Metaspace       used 117485K, capacity 120861K, committed 121204K, reserved 1155072K
  class space    used 14577K, capacity 15754K, committed 15872K, reserved 1048576K
}
Event: 118.905 GC heap before
{Heap before GC invocations=74 (full 0):
 garbage-first heap   total 236544K, used 200848K [0x0000000080000000, 0x0000000100000000)
  region size 1024K, 21 young (21504K), 1 survivors (1024K)
 Metaspace       used 117485K, capacity 120861K, committed 121204K, reserved 1155072K
  class space    used 14577K, capacity 15754K, committed 15872K, reserved 1048576K
}
Event: 118.908 GC heap after
{Heap after GC invocations=75 (full 0):
 garbage-first heap   total 236544K, used 180623K [0x0000000080000000, 0x0000000100000000)
  region size 1024K, 2 young (2048K), 2 survivors (2048K)
 Metaspace       used 117485K, capacity 120861K, committed 121204K, reserved 1155072K
  class space    used 14577K, capacity 15754K, committed 15872K, reserved 1048576K
}
Event: 119.267 GC heap before
{Heap before GC invocations=75 (full 0):
 garbage-first heap   total 236544K, used 200079K [0x0000000080000000, 0x0000000100000000)
  region size 1024K, 22 young (22528K), 2 survivors (2048K)
 Metaspace       used 117485K, capacity 120861K, committed 121204K, reserved 1155072K
  class space    used 14577K, capacity 15754K, committed 15872K, reserved 1048576K
}
Event: 119.271 GC heap after
{Heap after GC invocations=76 (full 0):
 garbage-first heap   total 236544K, used 180933K [0x0000000080000000, 0x0000000100000000)
  region size 1024K, 2 young (2048K), 2 survivors (2048K)
 Metaspace       used 117485K, capacity 120861K, committed 121204K, reserved 1155072K
  class space    used 14577K, capacity 15754K, committed 15872K, reserved 1048576K
}
Event: 119.795 GC heap before
{Heap before GC invocations=76 (full 0):
 garbage-first heap   total 236544K, used 201413K [0x0000000080000000, 0x0000000100000000)
  region size 1024K, 23 young (23552K), 2 survivors (2048K)
 Metaspace       used 117485K, capacity 120861K, committed 121204K, reserved 1155072K
  class space    used 14577K, capacity 15754K, committed 15872K, reserved 1048576K
}
Event: 119.799 GC heap after
{Heap after GC invocations=77 (full 0):
 garbage-first heap   total 236544K, used 181316K [0x0000000080000000, 0x0000000100000000)
  region size 1024K, 2 young (2048K), 2 survivors (2048K)
 Metaspace       used 117485K, capacity 120861K, committed 121204K, reserved 1155072K
  class space    used 14577K, capacity 15754K, committed 15872K, reserved 1048576K
}
Event: 120.228 GC heap before
{Heap before GC invocations=77 (full 0):
 garbage-first heap   total 236544K, used 203844K [0x0000000080000000, 0x0000000100000000)
  region size 1024K, 24 young (24576K), 2 survivors (2048K)
 Metaspace       used 117485K, capacity 120861K, committed 121204K, reserved 1155072K
  class space    used 14577K, capacity 15754K, committed 15872K, reserved 1048576K
}
Event: 120.231 GC heap after
{Heap after GC invocations=78 (full 0):
 garbage-first heap   total 236544K, used 181706K [0x0000000080000000, 0x0000000100000000)
  region size 1024K, 2 young (2048K), 2 survivors (2048K)
 Metaspace       used 117485K, capacity 120861K, committed 121204K, reserved 1155072K
  class space    used 14577K, capacity 15754K, committed 15872K, reserved 1048576K
}
Event: 120.651 GC heap before
{Heap before GC invocations=78 (full 0):
 garbage-first heap   total 236544K, used 204234K [0x0000000080000000, 0x0000000100000000)
  region size 1024K, 24 young (24576K), 2 survivors (2048K)
 Metaspace       used 117485K, capacity 120861K, committed 121204K, reserved 1155072K
  class space    used 14577K, capacity 15754K, committed 15872K, reserved 1048576K
}
Event: 120.654 GC heap after
{Heap after GC invocations=79 (full 0):
 garbage-first heap   total 236544K, used 182142K [0x0000000080000000, 0x0000000100000000)
  region size 1024K, 2 young (2048K), 2 survivors (2048K)
 Metaspace       used 117485K, capacity 120861K, committed 121204K, reserved 1155072K
  class space    used 14577K, capacity 15754K, committed 15872K, reserved 1048576K
}
Event: 122.520 GC heap before
{Heap before GC invocations=79 (full 0):
 garbage-first heap   total 236544K, used 205694K [0x0000000080000000, 0x0000000100000000)
  region size 1024K, 24 young (24576K), 2 survivors (2048K)
 Metaspace       used 117569K, capacity 120959K, committed 121204K, reserved 1155072K
  class space    used 14583K, capacity 15786K, committed 15872K, reserved 1048576K
}
Event: 122.524 GC heap after
{Heap after GC invocations=80 (full 0):
 garbage-first heap   total 236544K, used 180572K [0x0000000080000000, 0x0000000100000000)
  region size 1024K, 2 young (2048K), 2 survivors (2048K)
 Metaspace       used 117569K, capacity 120959K, committed 121204K, reserved 1155072K
  class space    used 14583K, capacity 15786K, committed 15872K, reserved 1048576K
}

