# JRE version: OpenJDK Runtime Environment (11.0.13) (build 11.0.13+0-b1751.21-8125866)
# Java VM: OpenJDK 64-Bit Server VM (11.0.13+0-b1751.21-8125866, mixed mode, tiered, compressed oops, g1 gc, windows-amd64)
Heap:
 garbage-first heap   total 382976K, used 144480K [0x0000000080000000, 0x0000000100000000)
  region size 1024K, 7 young (7168K), 7 survivors (7168K)
 Metaspace       used 115325K, capacity 118315K, committed 118736K, reserved 1153024K
  class space    used 14339K, capacity 15479K, committed 15692K, reserved 1048576K
GC Heap History (20 events):
Event: 55.718 GC heap after
{Heap after GC invocations=45 (full 0):
 garbage-first heap   total 265216K, used 142684K [0x0000000080000000, 0x0000000100000000)
  region size 1024K, 5 young (5120K), 5 survivors (5120K)
 Metaspace       used 114833K, capacity 117780K, committed 118224K, reserved 1153024K
  class space    used 14296K, capacity 15418K, committed 15692K, reserved 1048576K
}
Event: 56.124 GC heap before
{Heap before GC invocations=45 (full 0):
 garbage-first heap   total 265216K, used 228700K [0x0000000080000000, 0x0000000100000000)
  region size 1024K, 89 young (91136K), 5 survivors (5120K)
 Metaspace       used 114853K, capacity 117793K, committed 118224K, reserved 1153024K
  class space    used 14298K, capacity 15422K, committed 15692K, reserved 1048576K
}
Event: 56.135 GC heap after
{Heap after GC invocations=46 (full 0):
 garbage-first heap   total 265216K, used 142693K [0x0000000080000000, 0x0000000100000000)
  region size 1024K, 5 young (5120K), 5 survivors (5120K)
 Metaspace       used 114853K, capacity 117793K, committed 118224K, reserved 1153024K
  class space    used 14298K, capacity 15422K, committed 15692K, reserved 1048576K
}
Event: 56.526 GC heap before
{Heap before GC invocations=46 (full 0):
 garbage-first heap   total 265216K, used 228709K [0x0000000080000000, 0x0000000100000000)
  region size 1024K, 89 young (91136K), 5 survivors (5120K)
 Metaspace       used 114879K, capacity 117857K, committed 118224K, reserved 1153024K
  class space    used 14301K, capacity 15422K, committed 15692K, reserved 1048576K
}
Event: 56.541 GC heap after
{Heap after GC invocations=47 (full 0):
 garbage-first heap   total 318464K, used 142929K [0x0000000080000000, 0x0000000100000000)
  region size 1024K, 6 young (6144K), 6 survivors (6144K)
 Metaspace       used 114879K, capacity 117857K, committed 118224K, reserved 1153024K
  class space    used 14301K, capacity 15422K, committed 15692K, reserved 1048576K
}
Event: 57.474 GC heap before
{Heap before GC invocations=47 (full 0):
 garbage-first heap   total 318464K, used 248401K [0x0000000080000000, 0x0000000100000000)
  region size 1024K, 110 young (112640K), 6 survivors (6144K)
 Metaspace       used 114893K, capacity 117857K, committed 118224K, reserved 1153024K
  class space    used 14301K, capacity 15422K, committed 15692K, reserved 1048576K
}
Event: 57.488 GC heap after
{Heap after GC invocations=48 (full 0):
 garbage-first heap   total 318464K, used 142933K [0x0000000080000000, 0x0000000100000000)
  region size 1024K, 6 young (6144K), 6 survivors (6144K)
 Metaspace       used 114893K, capacity 117857K, committed 118224K, reserved 1153024K
  class space    used 14301K, capacity 15422K, committed 15692K, reserved 1048576K
}
Event: 58.257 GC heap before
{Heap before GC invocations=48 (full 0):
 garbage-first heap   total 318464K, used 252501K [0x0000000080000000, 0x0000000100000000)
  region size 1024K, 113 young (115712K), 6 survivors (6144K)
 Metaspace       used 114912K, capacity 117863K, committed 118224K, reserved 1153024K
  class space    used 14301K, capacity 15423K, committed 15692K, reserved 1048576K
}
Event: 58.269 GC heap after
{Heap after GC invocations=49 (full 0):
 garbage-first heap   total 318464K, used 143694K [0x0000000080000000, 0x0000000100000000)
  region size 1024K, 6 young (6144K), 6 survivors (6144K)
 Metaspace       used 114912K, capacity 117863K, committed 118224K, reserved 1153024K
  class space    used 14301K, capacity 15423K, committed 15692K, reserved 1048576K
}
Event: 58.784 GC heap before
{Heap before GC invocations=49 (full 0):
 garbage-first heap   total 318464K, used 256334K [0x0000000080000000, 0x0000000100000000)
  region size 1024K, 116 young (118784K), 6 survivors (6144K)
 Metaspace       used 114917K, capacity 117866K, committed 118224K, reserved 1153024K
  class space    used 14302K, capacity 15424K, committed 15692K, reserved 1048576K
}
Event: 58.795 GC heap after
{Heap after GC invocations=50 (full 0):
 garbage-first heap   total 318464K, used 143476K [0x0000000080000000, 0x0000000100000000)
  region size 1024K, 6 young (6144K), 6 survivors (6144K)
 Metaspace       used 114917K, capacity 117866K, committed 118224K, reserved 1153024K
  class space    used 14302K, capacity 15424K, committed 15692K, reserved 1048576K
}
Event: 59.341 GC heap before
{Heap before GC invocations=50 (full 0):
 garbage-first heap   total 318464K, used 259188K [0x0000000080000000, 0x0000000100000000)
  region size 1024K, 119 young (121856K), 6 survivors (6144K)
 Metaspace       used 115036K, capacity 118030K, committed 118480K, reserved 1153024K
  class space    used 14304K, capacity 15427K, committed 15692K, reserved 1048576K
}
Event: 59.351 GC heap after
{Heap after GC invocations=51 (full 0):
 garbage-first heap   total 318464K, used 141669K [0x0000000080000000, 0x0000000100000000)
  region size 1024K, 4 young (4096K), 4 survivors (4096K)
 Metaspace       used 115036K, capacity 118030K, committed 118480K, reserved 1153024K
  class space    used 14304K, capacity 15427K, committed 15692K, reserved 1048576K
}
Event: 59.849 GC heap before
{Heap before GC invocations=51 (full 0):
 garbage-first heap   total 318464K, used 266597K [0x0000000080000000, 0x0000000100000000)
  region size 1024K, 126 young (129024K), 4 survivors (4096K)
 Metaspace       used 115045K, capacity 118030K, committed 118480K, reserved 1153024K
  class space    used 14304K, capacity 15427K, committed 15692K, reserved 1048576K
}
Event: 59.864 GC heap after
{Heap after GC invocations=52 (full 0):
 garbage-first heap   total 318464K, used 142270K [0x0000000080000000, 0x0000000100000000)
  region size 1024K, 5 young (5120K), 5 survivors (5120K)
 Metaspace       used 115045K, capacity 118030K, committed 118480K, reserved 1153024K
  class space    used 14304K, capacity 15427K, committed 15692K, reserved 1048576K
}
Event: 60.321 GC heap before
{Heap before GC invocations=52 (full 0):
 garbage-first heap   total 318464K, used 267198K [0x0000000080000000, 0x0000000100000000)
  region size 1024K, 127 young (130048K), 5 survivors (5120K)
 Metaspace       used 115052K, capacity 118030K, committed 118480K, reserved 1153024K
  class space    used 14304K, capacity 15427K, committed 15692K, reserved 1048576K
}
Event: 60.335 GC heap after
{Heap after GC invocations=53 (full 0):
 garbage-first heap   total 318464K, used 143347K [0x0000000080000000, 0x0000000100000000)
  region size 1024K, 6 young (6144K), 6 survivors (6144K)
 Metaspace       used 115052K, capacity 118030K, committed 118480K, reserved 1153024K
  class space    used 14304K, capacity 15427K, committed 15692K, reserved 1048576K
}
Event: 60.969 GC heap before
{Heap before GC invocations=53 (full 0):
 garbage-first heap   total 318464K, used 269299K [0x0000000080000000, 0x0000000100000000)
  region size 1024K, 129 young (132096K), 6 survivors (6144K)
 Metaspace       used 115069K, capacity 118032K, committed 118480K, reserved 1153024K
  class space    used 14304K, capacity 15427K, committed 15692K, reserved 1048576K
}
Event: 60.983 GC heap after
{Heap after GC invocations=54 (full 0):
 garbage-first heap   total 318464K, used 143733K [0x0000000080000000, 0x0000000100000000)
  region size 1024K, 6 young (6144K), 6 survivors (6144K)
 Metaspace       used 115069K, capacity 118032K, committed 118480K, reserved 1153024K
  class space    used 14304K, capacity 15427K, committed 15692K, reserved 1048576K
}
Event: 61.553 GC heap before
{Heap before GC invocations=54 (full 0):
 garbage-first heap   total 318464K, used 272757K [0x0000000080000000, 0x0000000100000000)
  region size 1024K, 132 young (135168K), 6 survivors (6144K)
 Metaspace       used 115325K, capacity 118315K, committed 118736K, reserved 1153024K
  class space    used 14339K, capacity 15479K, committed 15692K, reserved 1048576K
}

